Using pre-set license
Built from '2020.3/release' branch; Version is '2020.3.1f1 (77a89f25062f) revision 7841951'; Using compiler version '192528614'; Build Type 'Release'
OS: 'Windows 10 Pro; OS build 18363.1379; Version 1909; 64bit' Language: 'en' Physical Memory: 8149 MB
BatchMode: 1, IsHumanControllingUs: 0, StartBugReporterOnCrash: 0, Is64bit: 1, IsPro: 0

 COMMAND LINE ARGUMENTS:
E:\GameDevelopment\Unity\2020.3.1f1\Editor\Unity.exe
-adb2
-batchMode
-noUpm
-name
AssetImportWorker2
-projectPath
C:/Users/ADMIN/GameDev_Act2/ACT2
-logFile
Logs/AssetImportWorker2.log
-srvPort
61332
Successfully changed project path to: C:/Users/ADMIN/GameDev_Act2/ACT2
C:/Users/ADMIN/GameDev_Act2/ACT2
Using Asset Import Pipeline V2.
Refreshing native plugins compatible for Editor in 107.32 ms, found 1 plugins.
Preloading 0 native plugins for Editor in 0.00 ms.
Initialize engine version: 2020.3.1f1 (77a89f25062f)
[Subsystems] Discovering subsystems at path E:/GameDevelopment/Unity/2020.3.1f1/Editor/Data/Resources/UnitySubsystems
[Subsystems] Discovering subsystems at path C:/Users/ADMIN/GameDev_Act2/ACT2/Assets
GfxDevice: creating device client; threaded=0
Direct3D:
    Version:  Direct3D 11.0 [level 11.0]
    Renderer: NVIDIA Quadro K600 (ID=0xffa)
    Vendor:   
    VRAM:     985 MB
    Driver:   27.21.14.6172
Shader 'Universal Render Pipeline/Particles/Lit': fallback shader 'Universal Render Pipeline/Particles/SimpleLit' not found
Initialize mono
Mono path[0] = 'E:/GameDevelopment/Unity/2020.3.1f1/Editor/Data/Managed'
Mono path[1] = 'E:/GameDevelopment/Unity/2020.3.1f1/Editor/Data/MonoBleedingEdge/lib/mono/unityjit'
Mono config path = 'E:/GameDevelopment/Unity/2020.3.1f1/Editor/Data/MonoBleedingEdge/etc'
Using monoOptions --debugger-agent=transport=dt_socket,embedding=1,server=y,suspend=n,address=127.0.0.1:56920
Begin MonoManager ReloadAssembly
Registering precompiled unity dll's ...
Register platform support module: E:/GameDevelopment/Unity/2020.3.1f1/Editor/Data/PlaybackEngines/WindowsStandaloneSupport/UnityEditor.WindowsStandalone.Extensions.dll
Registered in 0.001389 seconds.
Native extension for WindowsStandalone target not found
Refreshing native plugins compatible for Editor in 99.01 ms, found 1 plugins.
Preloading 0 native plugins for Editor in 0.00 ms.
Invoked RoslynAnalysisRunner static constructor.
RoslynAnalysisRunner will not be running.
RoslynAnalysisRunner has terminated.
Mono: successfully reloaded assembly
- Completed reload, in  7.300 seconds
Platform modules already initialized, skipping
Registering precompiled user dll's ...
Registered in 0.004071 seconds.
Begin MonoManager ReloadAssembly
Native extension for WindowsStandalone target not found
Refreshing native plugins compatible for Editor in 99.01 ms, found 1 plugins.
Preloading 0 native plugins for Editor in 0.00 ms.
Invoked RoslynAnalysisRunner static constructor.
RoslynAnalysisRunner will not be running.
RoslynAnalysisRunner has terminated.
Mono: successfully reloaded assembly
- Completed reload, in  1.990 seconds
Platform modules already initialized, skipping
========================================================================
Worker process is ready to serve import requests
Shader 'Universal Render Pipeline/Particles/Lit': fallback shader 'Universal Render Pipeline/Particles/SimpleLit' not found
Launched and connected shader compiler UnityShaderCompiler.exe after 0.22 seconds
Refreshing native plugins compatible for Editor in 2.06 ms, found 1 plugins.
Preloading 0 native plugins for Editor in 0.00 ms.
Unloading 3107 Unused Serialized files (Serialized files now loaded: 0)
System memory in use before: 138.7 MB.
System memory in use after: 138.8 MB.

Unloading 25 unused Assets to reduce memory usage. Loaded Objects now: 3552.
Total: 7.407600 ms (FindLiveObjects: 0.496400 ms CreateObjectMapping: 0.253400 ms MarkObjects: 6.275800 ms  DeleteObjects: 0.378800 ms)

========================================================================
Received Import Request.
  path: Assets/Scenes/MainMenuScene.unity
  artifactKey: Guid(86d9cbb9f0b7549409ec714e3c275527) Importer(815301076,1909f56bfc062723c751e8b465ee728b)
Start importing Assets/Scenes/MainMenuScene.unity using Guid(86d9cbb9f0b7549409ec714e3c275527) Importer(815301076,1909f56bfc062723c751e8b465ee728b)  -> (artifact id: 'dda93a802ea04d08b135b8287e07f498') in 0.074288 seconds
  Import took 0.107819 seconds .

========================================================================
Received Prepare
Registering precompiled user dll's ...
Registered in 0.003380 seconds.
Begin MonoManager ReloadAssembly
Native extension for WindowsStandalone target not found
Refreshing native plugins compatible for Editor in 1.00 ms, found 1 plugins.
Preloading 0 native plugins for Editor in 0.00 ms.
Invoked RoslynAnalysisRunner static constructor.
RoslynAnalysisRunner will not be running.
RoslynAnalysisRunner has terminated.
Mono: successfully reloaded assembly
- Completed reload, in  1.467 seconds
Platform modules already initialized, skipping
Shader 'Universal Render Pipeline/Particles/Lit': fallback shader 'Universal Render Pipeline/Particles/SimpleLit' not found
Refreshing native plugins compatible for Editor in 0.90 ms, found 1 plugins.
Preloading 0 native plugins for Editor in 0.00 ms.
Unloading 2981 Unused Serialized files (Serialized files now loaded: 0)
System memory in use before: 131.6 MB.
System memory in use after: 131.7 MB.

Unloading 14 unused Assets to reduce memory usage. Loaded Objects now: 3556.
Total: 3.616300 ms (FindLiveObjects: 0.323100 ms CreateObjectMapping: 0.133600 ms MarkObjects: 2.985800 ms  DeleteObjects: 0.172000 ms)

========================================================================
Received Import Request.
  Time since last request: 2314.463141 seconds.
  path: Assets/Scenes/SampleScene.unity
  artifactKey: Guid(2cda990e2423bbf4892e6590ba056729) Importer(815301076,1909f56bfc062723c751e8b465ee728b)
Start importing Assets/Scenes/SampleScene.unity using Guid(2cda990e2423bbf4892e6590ba056729) Importer(815301076,1909f56bfc062723c751e8b465ee728b)  -> (artifact id: 'aa3e11ea29434e5ac612345f552fc3b7') in 0.032849 seconds
  Import took 0.119510 seconds .

========================================================================
Received Prepare
Registering precompiled user dll's ...
Registered in 0.003696 seconds.
Begin MonoManager ReloadAssembly
Native extension for WindowsStandalone target not found
Refreshing native plugins compatible for Editor in 1.03 ms, found 1 plugins.
Preloading 0 native plugins for Editor in 0.00 ms.
Invoked RoslynAnalysisRunner static constructor.
RoslynAnalysisRunner will not be running.
RoslynAnalysisRunner has terminated.
Mono: successfully reloaded assembly
- Completed reload, in  2.019 seconds
Platform modules already initialized, skipping
Shader 'Universal Render Pipeline/Particles/Lit': fallback shader 'Universal Render Pipeline/Particles/SimpleLit' not found
Refreshing native plugins compatible for Editor in 1.01 ms, found 1 plugins.
Preloading 0 native plugins for Editor in 0.00 ms.
Unloading 2981 Unused Serialized files (Serialized files now loaded: 0)
System memory in use before: 131.6 MB.
System memory in use after: 131.7 MB.

Unloading 14 unused Assets to reduce memory usage. Loaded Objects now: 3560.
Total: 4.421000 ms (FindLiveObjects: 0.715400 ms CreateObjectMapping: 0.233500 ms MarkObjects: 3.231900 ms  DeleteObjects: 0.237300 ms)

========================================================================
Received Prepare
Registering precompiled user dll's ...
Registered in 0.004196 seconds.
Begin MonoManager ReloadAssembly
Native extension for WindowsStandalone target not found
Refreshing native plugins compatible for Editor in 0.91 ms, found 1 plugins.
Preloading 0 native plugins for Editor in 0.00 ms.
Invoked RoslynAnalysisRunner static constructor.
RoslynAnalysisRunner will not be running.
RoslynAnalysisRunner has terminated.
Mono: successfully reloaded assembly
- Completed reload, in  1.501 seconds
Platform modules already initialized, skipping
Shader 'Universal Render Pipeline/Particles/Lit': fallback shader 'Universal Render Pipeline/Particles/SimpleLit' not found
Refreshing native plugins compatible for Editor in 0.90 ms, found 1 plugins.
Preloading 0 native plugins for Editor in 0.00 ms.
Unloading 2981 Unused Serialized files (Serialized files now loaded: 0)
System memory in use before: 131.7 MB.
System memory in use after: 131.8 MB.

Unloading 14 unused Assets to reduce memory usage. Loaded Objects now: 3564.
Total: 3.610700 ms (FindLiveObjects: 0.326200 ms CreateObjectMapping: 0.143400 ms MarkObjects: 2.957300 ms  DeleteObjects: 0.181900 ms)

========================================================================
Received Import Request.
  Time since last request: 2371.120193 seconds.
  path: Assets/Sprites/Player/Transition
  artifactKey: Guid(e5bfd19d470c74b4fa950d7a73e0f872) Importer(815301076,1909f56bfc062723c751e8b465ee728b)
Start importing Assets/Sprites/Player/Transition using Guid(e5bfd19d470c74b4fa950d7a73e0f872) Importer(815301076,1909f56bfc062723c751e8b465ee728b)  -> (artifact id: 'ae4182729ecd9c30197476fe572baa1b') in 0.026429 seconds
  Import took 0.094706 seconds .

========================================================================
Received Import Request.
  Time since last request: 20.131332 seconds.
  path: Assets/Sprites/Player/Transition/Artboard 100BG.png
  artifactKey: Guid(e3117feb28a4521469d3ff17f54573df) Importer(815301076,1909f56bfc062723c751e8b465ee728b)
Start importing Assets/Sprites/Player/Transition/Artboard 100BG.png using Guid(e3117feb28a4521469d3ff17f54573df) Importer(815301076,1909f56bfc062723c751e8b465ee728b)  -> (artifact id: '6b335526564c19fed96970b3162682ca') in 0.512762 seconds
  Import took 0.586703 seconds .

========================================================================
Received Import Request.
  Time since last request: 0.000588 seconds.
  path: Assets/Sprites/Player/Transition/Artboard 107BG.png
  artifactKey: Guid(4396f3feeaa8f644da7b5a24a3c02198) Importer(815301076,1909f56bfc062723c751e8b465ee728b)
Start importing Assets/Sprites/Player/Transition/Artboard 107BG.png using Guid(4396f3feeaa8f644da7b5a24a3c02198) Importer(815301076,1909f56bfc062723c751e8b465ee728b)  -> (artifact id: 'cbba372cdd7a792d939b538a6cc735ff') in 0.053137 seconds
  Import took 0.167544 seconds .

========================================================================
Received Import Request.
  Time since last request: 0.000544 seconds.
  path: Assets/Sprites/Player/Transition/Artboard 102BG.png
  artifactKey: Guid(5d9a1de29b5651d40b42504b7d4b974b) Importer(815301076,1909f56bfc062723c751e8b465ee728b)
Start importing Assets/Sprites/Player/Transition/Artboard 102BG.png using Guid(5d9a1de29b5651d40b42504b7d4b974b) Importer(815301076,1909f56bfc062723c751e8b465ee728b)  -> (artifact id: '6944b60d7efd3936110f02528ee4a8f9') in 0.031317 seconds
  Import took 0.074340 seconds .

========================================================================
Received Import Request.
  Time since last request: 0.000356 seconds.
  path: Assets/Sprites/Player/Transition/Artboard 101BG.png
  artifactKey: Guid(18995be5074dcdd40afd038cfb336ebc) Importer(815301076,1909f56bfc062723c751e8b465ee728b)
Start importing Assets/Sprites/Player/Transition/Artboard 101BG.png using Guid(18995be5074dcdd40afd038cfb336ebc) Importer(815301076,1909f56bfc062723c751e8b465ee728b)  -> (artifact id: 'f2cba0d186d1197dd0300f84d05cdc67') in 0.072522 seconds
  Import took 0.157260 seconds .

========================================================================
Received Import Request.
  Time since last request: 0.000718 seconds.
  path: Assets/Sprites/Player/Transition/Artboard 104BG.png
  artifactKey: Guid(734f43d88b4c36a49bae2efcc1b3ed38) Importer(815301076,1909f56bfc062723c751e8b465ee728b)
Start importing Assets/Sprites/Player/Transition/Artboard 104BG.png using Guid(734f43d88b4c36a49bae2efcc1b3ed38) Importer(815301076,1909f56bfc062723c751e8b465ee728b)  -> (artifact id: '098a60f9c0738e465192328c8a9ab5c8') in 0.030870 seconds
  Import took 0.122254 seconds .

========================================================================
Received Import Request.
  Time since last request: 0.000301 seconds.
  path: Assets/Sprites/Player/Transition/Artboard 103BG.png
  artifactKey: Guid(8dcb4212d80d062468118773c117bc3f) Importer(815301076,1909f56bfc062723c751e8b465ee728b)
Start importing Assets/Sprites/Player/Transition/Artboard 103BG.png using Guid(8dcb4212d80d062468118773c117bc3f) Importer(815301076,1909f56bfc062723c751e8b465ee728b)  -> (artifact id: 'd6ebf3fdd48595213e5a68682d535d96') in 0.024071 seconds
  Import took 0.136411 seconds .

========================================================================
Received Import Request.
  Time since last request: 0.000591 seconds.
  path: Assets/Sprites/Player/Transition/Artboard 105BG.png
  artifactKey: Guid(0dcdf13b1b62927489d6f2b8fb249829) Importer(815301076,1909f56bfc062723c751e8b465ee728b)
Start importing Assets/Sprites/Player/Transition/Artboard 105BG.png using Guid(0dcdf13b1b62927489d6f2b8fb249829) Importer(815301076,1909f56bfc062723c751e8b465ee728b)  -> (artifact id: 'e087eebe1c0a6f52af1d7aa97eac6092') in 0.029465 seconds
  Import took 0.124766 seconds .

========================================================================
Received Import Request.
  Time since last request: 0.000486 seconds.
  path: Assets/Sprites/Player/Transition/Artboard 106BG.png
  artifactKey: Guid(fc451436e4964414089dc7bb8db0323e) Importer(815301076,1909f56bfc062723c751e8b465ee728b)
Start importing Assets/Sprites/Player/Transition/Artboard 106BG.png using Guid(fc451436e4964414089dc7bb8db0323e) Importer(815301076,1909f56bfc062723c751e8b465ee728b)  -> (artifact id: '1b4d13fcafbdbbe8e9cf26c16554f126') in 0.031651 seconds
  Import took 0.104875 seconds .

========================================================================
Received Import Request.
  Time since last request: 0.000400 seconds.
  path: Assets/Sprites/Player/Transition/Artboard 105BG.png
  artifactKey: Guid(0dcdf13b1b62927489d6f2b8fb249829) Importer(815301076,1909f56bfc062723c751e8b465ee728b)
Start importing Assets/Sprites/Player/Transition/Artboard 105BG.png using Guid(0dcdf13b1b62927489d6f2b8fb249829) Importer(815301076,1909f56bfc062723c751e8b465ee728b)  -> (artifact id: 'e087eebe1c0a6f52af1d7aa97eac6092') in 0.019429 seconds
  Import took 0.094746 seconds .

========================================================================
Received Import Request.
  Time since last request: 0.000308 seconds.
  path: Assets/Sprites/Player/Transition/Artboard 106BG.png
  artifactKey: Guid(fc451436e4964414089dc7bb8db0323e) Importer(815301076,1909f56bfc062723c751e8b465ee728b)
Start importing Assets/Sprites/Player/Transition/Artboard 106BG.png using Guid(fc451436e4964414089dc7bb8db0323e) Importer(815301076,1909f56bfc062723c751e8b465ee728b)  -> (artifact id: '1b4d13fcafbdbbe8e9cf26c16554f126') in 0.022743 seconds
  Import took 0.033536 seconds .

========================================================================
Received Prepare
Registering precompiled user dll's ...
Registered in 0.003624 seconds.
Begin MonoManager ReloadAssembly
Native extension for WindowsStandalone target not found
Refreshing native plugins compatible for Editor in 1.13 ms, found 1 plugins.
Preloading 0 native plugins for Editor in 0.00 ms.
Invoked RoslynAnalysisRunner static constructor.
RoslynAnalysisRunner will not be running.
RoslynAnalysisRunner has terminated.
Mono: successfully reloaded assembly
- Completed reload, in  1.661 seconds
Platform modules already initialized, skipping
Shader 'Universal Render Pipeline/Particles/Lit': fallback shader 'Universal Render Pipeline/Particles/SimpleLit' not found
Refreshing native plugins compatible for Editor in 1.18 ms, found 1 plugins.
Preloading 0 native plugins for Editor in 0.00 ms.
Unloading 2981 Unused Serialized files (Serialized files now loaded: 0)
System memory in use before: 134.7 MB.
System memory in use after: 134.8 MB.

Unloading 14 unused Assets to reduce memory usage. Loaded Objects now: 3574.
Total: 3.826000 ms (FindLiveObjects: 0.345900 ms CreateObjectMapping: 0.175500 ms MarkObjects: 3.110900 ms  DeleteObjects: 0.191400 ms)

========================================================================
Received Prepare
Registering precompiled user dll's ...
Registered in 0.003286 seconds.
Begin MonoManager ReloadAssembly
Native extension for WindowsStandalone target not found
Refreshing native plugins compatible for Editor in 0.88 ms, found 1 plugins.
Preloading 0 native plugins for Editor in 0.00 ms.
Invoked RoslynAnalysisRunner static constructor.
RoslynAnalysisRunner will not be running.
RoslynAnalysisRunner has terminated.
Mono: successfully reloaded assembly
- Completed reload, in  1.502 seconds
Platform modules already initialized, skipping
Shader 'Universal Render Pipeline/Particles/Lit': fallback shader 'Universal Render Pipeline/Particles/SimpleLit' not found
Refreshing native plugins compatible for Editor in 0.99 ms, found 1 plugins.
Preloading 0 native plugins for Editor in 0.00 ms.
Unloading 2981 Unused Serialized files (Serialized files now loaded: 0)
System memory in use before: 134.7 MB.
System memory in use after: 134.8 MB.

Unloading 14 unused Assets to reduce memory usage. Loaded Objects now: 3578.
Total: 3.417400 ms (FindLiveObjects: 0.359300 ms CreateObjectMapping: 0.135700 ms MarkObjects: 2.737000 ms  DeleteObjects: 0.183400 ms)

========================================================================
Received Import Request.
  Time since last request: 634.759201 seconds.
  path: Assets/Sprites/Enemies/Coin
  artifactKey: Guid(f793d977a3c7e3f41a575f8ee7d3f276) Importer(815301076,1909f56bfc062723c751e8b465ee728b)
Start importing Assets/Sprites/Enemies/Coin using Guid(f793d977a3c7e3f41a575f8ee7d3f276) Importer(815301076,1909f56bfc062723c751e8b465ee728b)  -> (artifact id: '7ba9df5cb7ec39a71d9eaa8e4df55724') in 0.018541 seconds
  Import took 0.053424 seconds .

========================================================================
Received Import Request.
  Time since last request: 10.514247 seconds.
  path: Assets/Sprites/Enemies/Coin/coin0.png
  artifactKey: Guid(58d214611fb9cf94aac053dc8c01ccee) Importer(815301076,1909f56bfc062723c751e8b465ee728b)
Start importing Assets/Sprites/Enemies/Coin/coin0.png using Guid(58d214611fb9cf94aac053dc8c01ccee) Importer(815301076,1909f56bfc062723c751e8b465ee728b)  -> (artifact id: '6987279096b553218e03b03781ff57c5') in 0.157400 seconds
  Import took 0.352627 seconds .

========================================================================
Received Import Request.
  Time since last request: 0.000313 seconds.
  path: Assets/Sprites/Enemies/Coin/coin2.png
  artifactKey: Guid(5ac28bffc7d33764d87d7c50fc166544) Importer(815301076,1909f56bfc062723c751e8b465ee728b)
Start importing Assets/Sprites/Enemies/Coin/coin2.png using Guid(5ac28bffc7d33764d87d7c50fc166544) Importer(815301076,1909f56bfc062723c751e8b465ee728b)  -> (artifact id: '3560bd998849336f8d631f15655f7836') in 0.136787 seconds
  Import took 0.348571 seconds .

========================================================================
Received Import Request.
  Time since last request: 0.000369 seconds.
  path: Assets/Sprites/Enemies/Coin/coin1.png
  artifactKey: Guid(2e7e80df2d6032b44a3123fe52144a17) Importer(815301076,1909f56bfc062723c751e8b465ee728b)
Start importing Assets/Sprites/Enemies/Coin/coin1.png using Guid(2e7e80df2d6032b44a3123fe52144a17) Importer(815301076,1909f56bfc062723c751e8b465ee728b)  -> (artifact id: '84a35e274a637c418d7211a78b75b10b') in 0.079333 seconds
  Import took 0.250161 seconds .

========================================================================
Received Import Request.
  Time since last request: 33.724548 seconds.
  path: Assets/Prefabs/turnToCoin.anim
  artifactKey: Guid(d0587ee78513856438e99f369375f7ac) Importer(815301076,1909f56bfc062723c751e8b465ee728b)
Start importing Assets/Prefabs/turnToCoin.anim using Guid(d0587ee78513856438e99f369375f7ac) Importer(815301076,1909f56bfc062723c751e8b465ee728b)  -> (artifact id: '7fa59a3c3e149ef7b83c61f685c45d3d') in 0.025134 seconds
  Import took 0.067743 seconds .

========================================================================
Received Import Request.
  Time since last request: 0.065918 seconds.
  path: Assets/Prefabs/turnToCoin.anim
  artifactKey: Guid(d0587ee78513856438e99f369375f7ac) Importer(815301076,1909f56bfc062723c751e8b465ee728b)
Start importing Assets/Prefabs/turnToCoin.anim using Guid(d0587ee78513856438e99f369375f7ac) Importer(815301076,1909f56bfc062723c751e8b465ee728b)  -> (artifact id: '7fa59a3c3e149ef7b83c61f685c45d3d') in 0.006099 seconds
  Import took 0.016228 seconds .

========================================================================
Received Prepare
Registering precompiled user dll's ...
Registered in 0.004624 seconds.
Begin MonoManager ReloadAssembly
Native extension for WindowsStandalone target not found
Refreshing native plugins compatible for Editor in 0.90 ms, found 1 plugins.
Preloading 0 native plugins for Editor in 0.00 ms.
Invoked RoslynAnalysisRunner static constructor.
RoslynAnalysisRunner will not be running.
RoslynAnalysisRunner has terminated.
Mono: successfully reloaded assembly
- Completed reload, in  1.649 seconds
Platform modules already initialized, skipping
Shader 'Universal Render Pipeline/Particles/Lit': fallback shader 'Universal Render Pipeline/Particles/SimpleLit' not found
Refreshing native plugins compatible for Editor in 1.02 ms, found 1 plugins.
Preloading 0 native plugins for Editor in 0.00 ms.
Unloading 2981 Unused Serialized files (Serialized files now loaded: 0)
System memory in use before: 134.7 MB.
System memory in use after: 134.8 MB.

Unloading 14 unused Assets to reduce memory usage. Loaded Objects now: 3587.
Total: 3.534200 ms (FindLiveObjects: 0.306500 ms CreateObjectMapping: 0.133400 ms MarkObjects: 2.905800 ms  DeleteObjects: 0.186200 ms)

========================================================================
Received Import Request.
  Time since last request: 127.962585 seconds.
  path: Assets/Prefabs/Enemies.prefab
  artifactKey: Guid(68d4510c260b2fb48b93fb4f12aced98) Importer(815301076,1909f56bfc062723c751e8b465ee728b)
Start importing Assets/Prefabs/Enemies.prefab using Guid(68d4510c260b2fb48b93fb4f12aced98) Importer(815301076,1909f56bfc062723c751e8b465ee728b)  -> (artifact id: 'f4e0bd951359a27161534acf4c6571d6') in 1.431942 seconds
  Import took 1.496707 seconds .

========================================================================
Received Import Request.
  Time since last request: 0.000336 seconds.
  path: Assets/Prefabs/PatEnemy.prefab
  artifactKey: Guid(3d807f4058533ac40b323a2ad67801f7) Importer(815301076,1909f56bfc062723c751e8b465ee728b)
Start importing Assets/Prefabs/PatEnemy.prefab using Guid(3d807f4058533ac40b323a2ad67801f7) Importer(815301076,1909f56bfc062723c751e8b465ee728b)  -> (artifact id: 'f4132c88251c49078a2538116d86dd97') in 0.075872 seconds
  Import took 0.133119 seconds .

========================================================================
Received Import Request.
  Time since last request: 133.031535 seconds.
  path: Assets/Animation/FlyingEnemy.controller
  artifactKey: Guid(b171348538da4184d9d850bfcc8ce0f9) Importer(815301076,1909f56bfc062723c751e8b465ee728b)
Start importing Assets/Animation/FlyingEnemy.controller using Guid(b171348538da4184d9d850bfcc8ce0f9) Importer(815301076,1909f56bfc062723c751e8b465ee728b)  -> (artifact id: '0b1ec2112ba74c703867c724215ffbd5') in 0.011570 seconds
  Import took 0.050793 seconds .

========================================================================
Received Import Request.
  Time since last request: 21.385210 seconds.
  path: Assets/Prefabs/PatEnemy.controller
  artifactKey: Guid(9011c109099dc8b4f96f40d050cbab21) Importer(815301076,1909f56bfc062723c751e8b465ee728b)
Start importing Assets/Prefabs/PatEnemy.controller using Guid(9011c109099dc8b4f96f40d050cbab21) Importer(815301076,1909f56bfc062723c751e8b465ee728b)  -> (artifact id: '95cb37607dae61b277d256487b774532') in 0.010041 seconds
  Import took 0.061068 seconds .

========================================================================
Received Import Request.
  Time since last request: 16.603641 seconds.
  path: Assets/Prefabs/PatEnemy.controller
  artifactKey: Guid(9011c109099dc8b4f96f40d050cbab21) Importer(815301076,1909f56bfc062723c751e8b465ee728b)
Start importing Assets/Prefabs/PatEnemy.controller using Guid(9011c109099dc8b4f96f40d050cbab21) Importer(815301076,1909f56bfc062723c751e8b465ee728b)  -> (artifact id: '8efbae840ebc079e68d8a9ba62030114') in 0.008563 seconds
  Import took 0.048657 seconds .

========================================================================
Received Import Request.
  Time since last request: 217.629433 seconds.
  path: Assets/Prefabs/PatEnemy.controller
  artifactKey: Guid(9011c109099dc8b4f96f40d050cbab21) Importer(815301076,1909f56bfc062723c751e8b465ee728b)
Start importing Assets/Prefabs/PatEnemy.controller using Guid(9011c109099dc8b4f96f40d050cbab21) Importer(815301076,1909f56bfc062723c751e8b465ee728b)  -> (artifact id: '5e0875a8d3d7a4329181e89307796301') in 0.008063 seconds
  Import took 0.068592 seconds .

========================================================================
Received Prepare
Registering precompiled user dll's ...
Registered in 0.003155 seconds.
Begin MonoManager ReloadAssembly
Native extension for WindowsStandalone target not found
Refreshing native plugins compatible for Editor in 0.91 ms, found 1 plugins.
Preloading 0 native plugins for Editor in 0.00 ms.
Invoked RoslynAnalysisRunner static constructor.
RoslynAnalysisRunner will not be running.
RoslynAnalysisRunner has terminated.
Mono: successfully reloaded assembly
- Completed reload, in  1.759 seconds
Platform modules already initialized, skipping
Shader 'Universal Render Pipeline/Particles/Lit': fallback shader 'Universal Render Pipeline/Particles/SimpleLit' not found
Refreshing native plugins compatible for Editor in 0.91 ms, found 1 plugins.
Preloading 0 native plugins for Editor in 0.00 ms.
Unloading 2981 Unused Serialized files (Serialized files now loaded: 0)
System memory in use before: 136.9 MB.
System memory in use after: 137.0 MB.

Unloading 14 unused Assets to reduce memory usage. Loaded Objects now: 3633.
Total: 3.763200 ms (FindLiveObjects: 0.331400 ms CreateObjectMapping: 0.134100 ms MarkObjects: 3.101000 ms  DeleteObjects: 0.194700 ms)

========================================================================
Received Prepare
Registering precompiled user dll's ...
Registered in 0.010533 seconds.
Begin MonoManager ReloadAssembly
Native extension for WindowsStandalone target not found
Refreshing native plugins compatible for Editor in 0.88 ms, found 1 plugins.
Preloading 0 native plugins for Editor in 0.00 ms.
Invoked RoslynAnalysisRunner static constructor.
RoslynAnalysisRunner will not be running.
RoslynAnalysisRunner has terminated.
Mono: successfully reloaded assembly
- Completed reload, in  1.875 seconds
Platform modules already initialized, skipping
Shader 'Universal Render Pipeline/Particles/Lit': fallback shader 'Universal Render Pipeline/Particles/SimpleLit' not found
Refreshing native plugins compatible for Editor in 0.91 ms, found 1 plugins.
Preloading 0 native plugins for Editor in 0.00 ms.
Unloading 2981 Unused Serialized files (Serialized files now loaded: 0)
System memory in use before: 136.9 MB.
System memory in use after: 137.0 MB.

Unloading 14 unused Assets to reduce memory usage. Loaded Objects now: 3637.
Total: 3.402400 ms (FindLiveObjects: 0.321400 ms CreateObjectMapping: 0.136200 ms MarkObjects: 2.762300 ms  DeleteObjects: 0.180400 ms)

========================================================================
Received Prepare
Registering precompiled user dll's ...
Registered in 0.003220 seconds.
Begin MonoManager ReloadAssembly
Native extension for WindowsStandalone target not found
Refreshing native plugins compatible for Editor in 0.94 ms, found 1 plugins.
Preloading 0 native plugins for Editor in 0.00 ms.
Invoked RoslynAnalysisRunner static constructor.
RoslynAnalysisRunner will not be running.
RoslynAnalysisRunner has terminated.
Mono: successfully reloaded assembly
- Completed reload, in  1.607 seconds
Platform modules already initialized, skipping
Shader 'Universal Render Pipeline/Particles/Lit': fallback shader 'Universal Render Pipeline/Particles/SimpleLit' not found
Refreshing native plugins compatible for Editor in 1.23 ms, found 1 plugins.
Preloading 0 native plugins for Editor in 0.00 ms.
Unloading 2981 Unused Serialized files (Serialized files now loaded: 0)
System memory in use before: 136.9 MB.
System memory in use after: 137.1 MB.

Unloading 14 unused Assets to reduce memory usage. Loaded Objects now: 3641.
Total: 3.434200 ms (FindLiveObjects: 0.321900 ms CreateObjectMapping: 0.137400 ms MarkObjects: 2.783100 ms  DeleteObjects: 0.189700 ms)

========================================================================
Received Prepare
Registering precompiled user dll's ...
Registered in 0.003861 seconds.
Begin MonoManager ReloadAssembly
Native extension for WindowsStandalone target not found
Refreshing native plugins compatible for Editor in 1.22 ms, found 1 plugins.
Preloading 0 native plugins for Editor in 0.00 ms.
Invoked RoslynAnalysisRunner static constructor.
RoslynAnalysisRunner will not be running.
RoslynAnalysisRunner has terminated.
Mono: successfully reloaded assembly
- Completed reload, in  1.791 seconds
Platform modules already initialized, skipping
Shader 'Universal Render Pipeline/Particles/Lit': fallback shader 'Universal Render Pipeline/Particles/SimpleLit' not found
Refreshing native plugins compatible for Editor in 0.97 ms, found 1 plugins.
Preloading 0 native plugins for Editor in 0.00 ms.
Unloading 2981 Unused Serialized files (Serialized files now loaded: 0)
System memory in use before: 137.0 MB.
System memory in use after: 137.1 MB.

Unloading 14 unused Assets to reduce memory usage. Loaded Objects now: 3645.
Total: 3.739700 ms (FindLiveObjects: 0.325800 ms CreateObjectMapping: 0.164900 ms MarkObjects: 3.048800 ms  DeleteObjects: 0.198300 ms)

========================================================================
Received Prepare
Registering precompiled user dll's ...
Registered in 0.003292 seconds.
Begin MonoManager ReloadAssembly
Native extension for WindowsStandalone target not found
Refreshing native plugins compatible for Editor in 1.02 ms, found 1 plugins.
Preloading 0 native plugins for Editor in 0.00 ms.
Invoked RoslynAnalysisRunner static constructor.
RoslynAnalysisRunner will not be running.
RoslynAnalysisRunner has terminated.
Mono: successfully reloaded assembly
- Completed reload, in  1.877 seconds
Platform modules already initialized, skipping
Shader 'Universal Render Pipeline/Particles/Lit': fallback shader 'Universal Render Pipeline/Particles/SimpleLit' not found
Refreshing native plugins compatible for Editor in 0.90 ms, found 1 plugins.
Preloading 0 native plugins for Editor in 0.00 ms.
Unloading 2981 Unused Serialized files (Serialized files now loaded: 0)
System memory in use before: 137.0 MB.
System memory in use after: 137.1 MB.

Unloading 14 unused Assets to reduce memory usage. Loaded Objects now: 3649.
Total: 3.405500 ms (FindLiveObjects: 0.319100 ms CreateObjectMapping: 0.131900 ms MarkObjects: 2.757500 ms  DeleteObjects: 0.194900 ms)

========================================================================
Received Import Request.
  Time since last request: 1050.699697 seconds.
  path: Assets/Sprites/Enemies/Pat_Enemy/pat_coin
  artifactKey: Guid(54993eba8603cf04ba3437507c75e552) Importer(815301076,1909f56bfc062723c751e8b465ee728b)
Start importing Assets/Sprites/Enemies/Pat_Enemy/pat_coin using Guid(54993eba8603cf04ba3437507c75e552) Importer(815301076,1909f56bfc062723c751e8b465ee728b)  -> (artifact id: '43a858d9faa8fc58f67679e689a0749a') in 0.018007 seconds
  Import took 0.059737 seconds .

========================================================================
Received Import Request.
  Time since last request: 0.000394 seconds.
  path: Assets/Sprites/Enemies/Pat_Enemy/pat_coin/01.png
  artifactKey: Guid(1fb1069be0cb8bc4b840df95cfbcbcd3) Importer(815301076,1909f56bfc062723c751e8b465ee728b)
Start importing Assets/Sprites/Enemies/Pat_Enemy/pat_coin/01.png using Guid(1fb1069be0cb8bc4b840df95cfbcbcd3) Importer(815301076,1909f56bfc062723c751e8b465ee728b)  -> (artifact id: '5c49728184ee30e5099ec69a2e3a1be3') in 0.098888 seconds
  Import took 0.171127 seconds .

========================================================================
Received Import Request.
  Time since last request: 0.000286 seconds.
  path: Assets/Sprites/Enemies/Pat_Enemy/pat_coin/02.png
  artifactKey: Guid(724c86786fc2c5145a0e629cf32855eb) Importer(815301076,1909f56bfc062723c751e8b465ee728b)
Start importing Assets/Sprites/Enemies/Pat_Enemy/pat_coin/02.png using Guid(724c86786fc2c5145a0e629cf32855eb) Importer(815301076,1909f56bfc062723c751e8b465ee728b)  -> (artifact id: '2450dbffbb563425c92d932431dbb354') in 0.020706 seconds
  Import took 0.077766 seconds .

========================================================================
Received Import Request.
  Time since last request: 0.000310 seconds.
  path: Assets/Sprites/Enemies/Pat_Enemy/pat_coin/03.png
  artifactKey: Guid(5fef70768ae267d4b87d4c4ddeea2035) Importer(815301076,1909f56bfc062723c751e8b465ee728b)
Start importing Assets/Sprites/Enemies/Pat_Enemy/pat_coin/03.png using Guid(5fef70768ae267d4b87d4c4ddeea2035) Importer(815301076,1909f56bfc062723c751e8b465ee728b)  -> (artifact id: '673fa35a4918e6a07004e7f7ba054f76') in 0.021725 seconds
  Import took 0.155269 seconds .

========================================================================
Received Prepare
Registering precompiled user dll's ...
Registered in 0.004801 seconds.
Begin MonoManager ReloadAssembly
Native extension for WindowsStandalone target not found
Refreshing native plugins compatible for Editor in 1.80 ms, found 1 plugins.
Preloading 0 native plugins for Editor in 0.00 ms.
Invoked RoslynAnalysisRunner static constructor.
RoslynAnalysisRunner will not be running.
RoslynAnalysisRunner has terminated.
Mono: successfully reloaded assembly
- Completed reload, in  2.256 seconds
Platform modules already initialized, skipping
Shader 'Universal Render Pipeline/Particles/Lit': fallback shader 'Universal Render Pipeline/Particles/SimpleLit' not found
Refreshing native plugins compatible for Editor in 0.93 ms, found 1 plugins.
Preloading 0 native plugins for Editor in 0.00 ms.
Unloading 2981 Unused Serialized files (Serialized files now loaded: 0)
System memory in use before: 137.0 MB.
System memory in use after: 137.1 MB.

Unloading 14 unused Assets to reduce memory usage. Loaded Objects now: 3656.
Total: 4.320000 ms (FindLiveObjects: 0.833100 ms CreateObjectMapping: 0.271300 ms MarkObjects: 3.015100 ms  DeleteObjects: 0.198000 ms)

========================================================================
Received Import Request.
  Time since last request: 384.820391 seconds.
  path: Assets/Sprites/Heart
  artifactKey: Guid(3cee5ee48d760fb4abc930b7e1a56fde) Importer(815301076,1909f56bfc062723c751e8b465ee728b)
Start importing Assets/Sprites/Heart using Guid(3cee5ee48d760fb4abc930b7e1a56fde) Importer(815301076,1909f56bfc062723c751e8b465ee728b)  -> (artifact id: '733cc3d1679ff54952875c2d18971be7') in 0.015002 seconds
  Import took 0.145375 seconds .

========================================================================
Received Import Request.
  Time since last request: 0.000315 seconds.
  path: Assets/Sprites/Heart/heart2.png
  artifactKey: Guid(e5001ea451121754783395fa0eac6785) Importer(815301076,1909f56bfc062723c751e8b465ee728b)
Start importing Assets/Sprites/Heart/heart2.png using Guid(e5001ea451121754783395fa0eac6785) Importer(815301076,1909f56bfc062723c751e8b465ee728b)  -> (artifact id: '51ddf852940bea4993082201926ed296') in 0.122364 seconds
  Import took 0.197459 seconds .

========================================================================
Received Import Request.
  Time since last request: 0.000343 seconds.
  path: Assets/Sprites/Heart/heart1.png
  artifactKey: Guid(aa26cc87f57c453499f95c3c6e5862c4) Importer(815301076,1909f56bfc062723c751e8b465ee728b)
Start importing Assets/Sprites/Heart/heart1.png using Guid(aa26cc87f57c453499f95c3c6e5862c4) Importer(815301076,1909f56bfc062723c751e8b465ee728b)  -> (artifact id: 'dc3141eefca03fb3014346d189722d0b') in 0.033937 seconds
  Import took 0.144686 seconds .

========================================================================
Received Import Request.
  Time since last request: 190.467083 seconds.
  path: Assets/Prefabs/Enemies.prefab
  artifactKey: Guid(68d4510c260b2fb48b93fb4f12aced98) Importer(815301076,1909f56bfc062723c751e8b465ee728b)
Start importing Assets/Prefabs/Enemies.prefab using Guid(68d4510c260b2fb48b93fb4f12aced98) Importer(815301076,1909f56bfc062723c751e8b465ee728b)  -> (artifact id: '218533cc394c12b2d90ccd870df4be96') in 0.270014 seconds
  Import took 0.289979 seconds .

========================================================================
Received Import Request.
  Time since last request: 0.000334 seconds.
  path: Assets/Prefabs/PatEnemy.prefab
  artifactKey: Guid(3d807f4058533ac40b323a2ad67801f7) Importer(815301076,1909f56bfc062723c751e8b465ee728b)
Start importing Assets/Prefabs/PatEnemy.prefab using Guid(3d807f4058533ac40b323a2ad67801f7) Importer(815301076,1909f56bfc062723c751e8b465ee728b)  -> (artifact id: '57beaa8499f0c5bc508f0aa52da2e2dc') in 0.023904 seconds
  Import took 0.077992 seconds .

========================================================================
Received Import Request.
  Time since last request: 2.395205 seconds.
  path: Assets/Prefabs/1_life.prefab
  artifactKey: Guid(13235ec568ee2114a9ed061bfa080f17) Importer(815301076,1909f56bfc062723c751e8b465ee728b)
Start importing Assets/Prefabs/1_life.prefab using Guid(13235ec568ee2114a9ed061bfa080f17) Importer(815301076,1909f56bfc062723c751e8b465ee728b)  -> (artifact id: '02a361213fe8619979464fd0af38b42f') in 0.250514 seconds
  Import took 0.310787 seconds .

========================================================================
Received Import Request.
  Time since last request: 12.659086 seconds.
  path: Assets/Prefabs/1_life.prefab
  artifactKey: Guid(13235ec568ee2114a9ed061bfa080f17) Importer(815301076,1909f56bfc062723c751e8b465ee728b)
Start importing Assets/Prefabs/1_life.prefab using Guid(13235ec568ee2114a9ed061bfa080f17) Importer(815301076,1909f56bfc062723c751e8b465ee728b)  -> (artifact id: '41662ac5895e83101705ae6e53afba3a') in 0.158375 seconds
  Import took 0.358310 seconds .

========================================================================
Received Prepare
Registering precompiled user dll's ...
Registered in 0.003729 seconds.
Begin MonoManager ReloadAssembly
Native extension for WindowsStandalone target not found
Refreshing native plugins compatible for Editor in 0.88 ms, found 1 plugins.
Preloading 0 native plugins for Editor in 0.00 ms.
Invoked RoslynAnalysisRunner static constructor.
RoslynAnalysisRunner will not be running.
RoslynAnalysisRunner has terminated.
Mono: successfully reloaded assembly
- Completed reload, in  1.771 seconds
Platform modules already initialized, skipping
Shader 'Universal Render Pipeline/Particles/Lit': fallback shader 'Universal Render Pipeline/Particles/SimpleLit' not found
Refreshing native plugins compatible for Editor in 1.25 ms, found 1 plugins.
Preloading 0 native plugins for Editor in 0.00 ms.
Unloading 2981 Unused Serialized files (Serialized files now loaded: 0)
System memory in use before: 137.1 MB.
System memory in use after: 137.2 MB.

Unloading 14 unused Assets to reduce memory usage. Loaded Objects now: 3698.
Total: 3.913000 ms (FindLiveObjects: 0.521500 ms CreateObjectMapping: 0.185800 ms MarkObjects: 2.889200 ms  DeleteObjects: 0.313400 ms)

========================================================================
Received Prepare
Registering precompiled user dll's ...
Registered in 0.003443 seconds.
Begin MonoManager ReloadAssembly
Native extension for WindowsStandalone target not found
Refreshing native plugins compatible for Editor in 0.96 ms, found 1 plugins.
Preloading 0 native plugins for Editor in 0.00 ms.
Invoked RoslynAnalysisRunner static constructor.
RoslynAnalysisRunner will not be running.
RoslynAnalysisRunner has terminated.
Mono: successfully reloaded assembly
- Completed reload, in  1.807 seconds
Platform modules already initialized, skipping
Shader 'Universal Render Pipeline/Particles/Lit': fallback shader 'Universal Render Pipeline/Particles/SimpleLit' not found
Refreshing native plugins compatible for Editor in 1.36 ms, found 1 plugins.
Preloading 0 native plugins for Editor in 0.00 ms.
Unloading 2981 Unused Serialized files (Serialized files now loaded: 0)
System memory in use before: 137.1 MB.
System memory in use after: 137.2 MB.

Unloading 14 unused Assets to reduce memory usage. Loaded Objects now: 3702.
Total: 4.564000 ms (FindLiveObjects: 0.508200 ms CreateObjectMapping: 0.172900 ms MarkObjects: 3.629100 ms  DeleteObjects: 0.251300 ms)

========================================================================
Received Prepare
Registering precompiled user dll's ...
Registered in 0.003300 seconds.
Begin MonoManager ReloadAssembly
Native extension for WindowsStandalone target not found
Refreshing native plugins compatible for Editor in 0.95 ms, found 1 plugins.
Preloading 0 native plugins for Editor in 0.00 ms.
Invoked RoslynAnalysisRunner static constructor.
RoslynAnalysisRunner will not be running.
RoslynAnalysisRunner has terminated.
Mono: successfully reloaded assembly
- Completed reload, in  1.539 seconds
Platform modules already initialized, skipping
Shader 'Universal Render Pipeline/Particles/Lit': fallback shader 'Universal Render Pipeline/Particles/SimpleLit' not found
Refreshing native plugins compatible for Editor in 0.90 ms, found 1 plugins.
Preloading 0 native plugins for Editor in 0.00 ms.
Unloading 2981 Unused Serialized files (Serialized files now loaded: 0)
System memory in use before: 137.1 MB.
System memory in use after: 137.2 MB.

Unloading 14 unused Assets to reduce memory usage. Loaded Objects now: 3706.
Total: 3.711100 ms (FindLiveObjects: 0.324400 ms CreateObjectMapping: 0.156200 ms MarkObjects: 3.039800 ms  DeleteObjects: 0.188900 ms)

========================================================================
Received Import Request.
  Time since last request: 453.518513 seconds.
  path: Assets/Sprites/Enemies/Pat_Enemy/Enemy_Walk/Asset 26.png
  artifactKey: Guid(09e10eca89c8caf499668a3a7121b954) Importer(815301076,1909f56bfc062723c751e8b465ee728b)
Start importing Assets/Sprites/Enemies/Pat_Enemy/Enemy_Walk/Asset 26.png using Guid(09e10eca89c8caf499668a3a7121b954) Importer(815301076,1909f56bfc062723c751e8b465ee728b)  -> (artifact id: '9b00091de34479ae3f635256b95f5824') in 0.104771 seconds
  Import took 0.167786 seconds .

========================================================================
Received Import Request.
  Time since last request: 0.000341 seconds.
  path: Assets/Sprites/Enemies/Pat_Enemy/Enemy_Walk/Asset 28.png
  artifactKey: Guid(79f766aca70f29747ab4fea785bc539e) Importer(815301076,1909f56bfc062723c751e8b465ee728b)
Start importing Assets/Sprites/Enemies/Pat_Enemy/Enemy_Walk/Asset 28.png using Guid(79f766aca70f29747ab4fea785bc539e) Importer(815301076,1909f56bfc062723c751e8b465ee728b)  -> (artifact id: '27888838ff320707ee440218490d89b9') in 0.286101 seconds
  Import took 0.312371 seconds .

========================================================================
Received Import Request.
  Time since last request: 0.000330 seconds.
  path: Assets/Sprites/Enemies/Pat_Enemy/Enemy_Walk/Asset 27.png
  artifactKey: Guid(afaebd95c78224d4b9d724e737579308) Importer(815301076,1909f56bfc062723c751e8b465ee728b)
Start importing Assets/Sprites/Enemies/Pat_Enemy/Enemy_Walk/Asset 27.png using Guid(afaebd95c78224d4b9d724e737579308) Importer(815301076,1909f56bfc062723c751e8b465ee728b)  -> (artifact id: '7b5300a2aa47f3d389b03980e7f8c636') in 0.164522 seconds
  Import took 0.172237 seconds .

========================================================================
Received Import Request.
  Time since last request: 1.171757 seconds.
  path: Assets/Sprites/Enemies/Pat_Enemy/pat_death
  artifactKey: Guid(211adc33d5edc2046a3f4827e521ed97) Importer(815301076,1909f56bfc062723c751e8b465ee728b)
Start importing Assets/Sprites/Enemies/Pat_Enemy/pat_death using Guid(211adc33d5edc2046a3f4827e521ed97) Importer(815301076,1909f56bfc062723c751e8b465ee728b)  -> (artifact id: '461cb0e86c04bfa4d893a85fdbc2eab2') in 0.008415 seconds
  Import took 0.037644 seconds .

========================================================================
Received Import Request.
  Time since last request: 0.014266 seconds.
  path: Assets/Sprites/Enemies/Pat_Enemy/pat_death/01.png
  artifactKey: Guid(b0e457b42e24ccd408291301502bfa4a) Importer(815301076,1909f56bfc062723c751e8b465ee728b)
Start importing Assets/Sprites/Enemies/Pat_Enemy/pat_death/01.png using Guid(b0e457b42e24ccd408291301502bfa4a) Importer(815301076,1909f56bfc062723c751e8b465ee728b)  -> (artifact id: 'a62444e8c916eed5a4026ee7da6d646b') in 0.024310 seconds
  Import took 0.088258 seconds .

========================================================================
Received Import Request.
  Time since last request: 0.000300 seconds.
  path: Assets/Sprites/Enemies/Pat_Enemy/pat_death/03.png
  artifactKey: Guid(9d6a7855bf27c03488a702c273df802a) Importer(815301076,1909f56bfc062723c751e8b465ee728b)
Start importing Assets/Sprites/Enemies/Pat_Enemy/pat_death/03.png using Guid(9d6a7855bf27c03488a702c273df802a) Importer(815301076,1909f56bfc062723c751e8b465ee728b)  -> (artifact id: 'fba34448478259595f1e76948d4d3213') in 0.028487 seconds
  Import took 0.037434 seconds .

========================================================================
Received Import Request.
  Time since last request: 0.000360 seconds.
  path: Assets/Sprites/Enemies/Pat_Enemy/pat_death/02.png
  artifactKey: Guid(b5f80990db7ffab4b87ac67d17fd36ce) Importer(815301076,1909f56bfc062723c751e8b465ee728b)
Start importing Assets/Sprites/Enemies/Pat_Enemy/pat_death/02.png using Guid(b5f80990db7ffab4b87ac67d17fd36ce) Importer(815301076,1909f56bfc062723c751e8b465ee728b)  -> (artifact id: '340c3b1dc052e88c5d4c2566b2a5236d') in 0.026838 seconds
  Import took 0.064247 seconds .

========================================================================
Received Import Request.
  Time since last request: 99.630966 seconds.
  path: Assets/Animation/fade_end.anim
  artifactKey: Guid(12bd5253e480a594f94601a3387a5302) Importer(815301076,1909f56bfc062723c751e8b465ee728b)
Start importing Assets/Animation/fade_end.anim using Guid(12bd5253e480a594f94601a3387a5302) Importer(815301076,1909f56bfc062723c751e8b465ee728b)  -> (artifact id: 'cdf852190a65df0fa2bc554954859bf6') in 0.033468 seconds
  Import took 0.044751 seconds .

========================================================================
Received Import Request.
  Time since last request: 0.478395 seconds.
  path: Assets/Animation/glide_ani.anim
  artifactKey: Guid(5fc6c76afd218f44f94f02c67d51d9a0) Importer(815301076,1909f56bfc062723c751e8b465ee728b)
Start importing Assets/Animation/glide_ani.anim using Guid(5fc6c76afd218f44f94f02c67d51d9a0) Importer(815301076,1909f56bfc062723c751e8b465ee728b)  -> (artifact id: 'f1cfc3c36aa9133b5ff1c04e5a1bde48') in 0.034614 seconds
  Import took 0.090274 seconds .

========================================================================
Received Import Request.
  Time since last request: 1.903268 seconds.
  path: Assets/Animation/CrossfadeImage.controller
  artifactKey: Guid(a886159f40625b84db21e6dee3788adb) Importer(815301076,1909f56bfc062723c751e8b465ee728b)
Start importing Assets/Animation/CrossfadeImage.controller using Guid(a886159f40625b84db21e6dee3788adb) Importer(815301076,1909f56bfc062723c751e8b465ee728b)  -> (artifact id: 'f135bb90eff8ead7cc351c4eea7d887e') in 0.073059 seconds
  Import took 0.120540 seconds .

========================================================================
Received Import Request.
  Time since last request: 10.286721 seconds.
  path: Assets/Animation/pat_death.anim
  artifactKey: Guid(12f494b3def0fe84192b7a7c0b67e607) Importer(815301076,1909f56bfc062723c751e8b465ee728b)
Start importing Assets/Animation/pat_death.anim using Guid(12f494b3def0fe84192b7a7c0b67e607) Importer(815301076,1909f56bfc062723c751e8b465ee728b)  -> (artifact id: '34b0ffc351fbc90633f2c64c0fd4e0ba') in 0.006650 seconds
  Import took 0.060449 seconds .

========================================================================
Received Import Request.
  Time since last request: 28.566458 seconds.
  path: Assets/Prefabs/PatEnemy.controller
  artifactKey: Guid(9011c109099dc8b4f96f40d050cbab21) Importer(815301076,1909f56bfc062723c751e8b465ee728b)
Start importing Assets/Prefabs/PatEnemy.controller using Guid(9011c109099dc8b4f96f40d050cbab21) Importer(815301076,1909f56bfc062723c751e8b465ee728b)  -> (artifact id: '63c1853075323744bb2d6c3ee8dc49ee') in 0.010365 seconds
  Import took 0.054623 seconds .

========================================================================
Received Prepare
Registering precompiled user dll's ...
Registered in 0.003886 seconds.
Begin MonoManager ReloadAssembly
Native extension for WindowsStandalone target not found
Refreshing native plugins compatible for Editor in 1.29 ms, found 1 plugins.
Preloading 0 native plugins for Editor in 0.00 ms.
Invoked RoslynAnalysisRunner static constructor.
RoslynAnalysisRunner will not be running.
RoslynAnalysisRunner has terminated.
Mono: successfully reloaded assembly
- Completed reload, in  1.758 seconds
Platform modules already initialized, skipping
Shader 'Universal Render Pipeline/Particles/Lit': fallback shader 'Universal Render Pipeline/Particles/SimpleLit' not found
Refreshing native plugins compatible for Editor in 1.06 ms, found 1 plugins.
Preloading 0 native plugins for Editor in 0.00 ms.
Unloading 2981 Unused Serialized files (Serialized files now loaded: 0)
System memory in use before: 137.1 MB.
System memory in use after: 137.2 MB.

Unloading 14 unused Assets to reduce memory usage. Loaded Objects now: 3711.
Total: 4.548200 ms (FindLiveObjects: 0.338900 ms CreateObjectMapping: 0.148300 ms MarkObjects: 3.867500 ms  DeleteObjects: 0.191400 ms)

========================================================================
Received Prepare
Registering precompiled user dll's ...
Registered in 0.003866 seconds.
Begin MonoManager ReloadAssembly
Native extension for WindowsStandalone target not found
Refreshing native plugins compatible for Editor in 1.32 ms, found 1 plugins.
Preloading 0 native plugins for Editor in 0.00 ms.
Invoked RoslynAnalysisRunner static constructor.
RoslynAnalysisRunner will not be running.
RoslynAnalysisRunner has terminated.
Mono: successfully reloaded assembly
- Completed reload, in  1.785 seconds
Platform modules already initialized, skipping
Shader 'Universal Render Pipeline/Particles/Lit': fallback shader 'Universal Render Pipeline/Particles/SimpleLit' not found
Refreshing native plugins compatible for Editor in 1.07 ms, found 1 plugins.
Preloading 0 native plugins for Editor in 0.00 ms.
Unloading 2981 Unused Serialized files (Serialized files now loaded: 0)
System memory in use before: 137.1 MB.
System memory in use after: 137.3 MB.

Unloading 14 unused Assets to reduce memory usage. Loaded Objects now: 3715.
Total: 4.736600 ms (FindLiveObjects: 0.325100 ms CreateObjectMapping: 0.136100 ms MarkObjects: 4.070000 ms  DeleteObjects: 0.203300 ms)

========================================================================
Received Prepare
Registering precompiled user dll's ...
Registered in 0.075796 seconds.
Begin MonoManager ReloadAssembly
Native extension for WindowsStandalone target not found
Refreshing native plugins compatible for Editor in 1.06 ms, found 1 plugins.
Preloading 0 native plugins for Editor in 0.00 ms.
Invoked RoslynAnalysisRunner static constructor.
RoslynAnalysisRunner will not be running.
RoslynAnalysisRunner has terminated.
Mono: successfully reloaded assembly
- Completed reload, in  1.608 seconds
Platform modules already initialized, skipping
Shader 'Universal Render Pipeline/Particles/Lit': fallback shader 'Universal Render Pipeline/Particles/SimpleLit' not found
Refreshing native plugins compatible for Editor in 1.34 ms, found 1 plugins.
Preloading 0 native plugins for Editor in 0.00 ms.
Unloading 2981 Unused Serialized files (Serialized files now loaded: 0)
System memory in use before: 137.2 MB.
System memory in use after: 137.3 MB.

Unloading 14 unused Assets to reduce memory usage. Loaded Objects now: 3719.
Total: 4.812500 ms (FindLiveObjects: 0.356700 ms CreateObjectMapping: 0.134900 ms MarkObjects: 4.030500 ms  DeleteObjects: 0.287700 ms)

========================================================================
Received Prepare
Registering precompiled user dll's ...
Registered in 0.003634 seconds.
Begin MonoManager ReloadAssembly
Native extension for WindowsStandalone target not found
Refreshing native plugins compatible for Editor in 1.09 ms, found 1 plugins.
Preloading 0 native plugins for Editor in 0.00 ms.
Invoked RoslynAnalysisRunner static constructor.
RoslynAnalysisRunner will not be running.
RoslynAnalysisRunner has terminated.
Mono: successfully reloaded assembly
- Completed reload, in  1.773 seconds
Platform modules already initialized, skipping
Shader 'Universal Render Pipeline/Particles/Lit': fallback shader 'Universal Render Pipeline/Particles/SimpleLit' not found
Refreshing native plugins compatible for Editor in 0.89 ms, found 1 plugins.
Preloading 0 native plugins for Editor in 0.00 ms.
Unloading 2981 Unused Serialized files (Serialized files now loaded: 0)
System memory in use before: 137.2 MB.
System memory in use after: 137.3 MB.

Unloading 14 unused Assets to reduce memory usage. Loaded Objects now: 3723.
Total: 3.632200 ms (FindLiveObjects: 0.324300 ms CreateObjectMapping: 0.133300 ms MarkObjects: 2.984800 ms  DeleteObjects: 0.187600 ms)

========================================================================
Received Prepare
Registering precompiled user dll's ...
Registered in 0.003237 seconds.
Begin MonoManager ReloadAssembly
Native extension for WindowsStandalone target not found
Refreshing native plugins compatible for Editor in 0.91 ms, found 1 plugins.
Preloading 0 native plugins for Editor in 0.00 ms.
Invoked RoslynAnalysisRunner static constructor.
RoslynAnalysisRunner will not be running.
RoslynAnalysisRunner has terminated.
Mono: successfully reloaded assembly
- Completed reload, in  1.654 seconds
Platform modules already initialized, skipping
Shader 'Universal Render Pipeline/Particles/Lit': fallback shader 'Universal Render Pipeline/Particles/SimpleLit' not found
Refreshing native plugins compatible for Editor in 0.96 ms, found 1 plugins.
Preloading 0 native plugins for Editor in 0.00 ms.
Unloading 2981 Unused Serialized files (Serialized files now loaded: 0)
System memory in use before: 137.2 MB.
System memory in use after: 137.3 MB.

Unloading 14 unused Assets to reduce memory usage. Loaded Objects now: 3727.
Total: 4.546000 ms (FindLiveObjects: 0.564200 ms CreateObjectMapping: 0.150400 ms MarkObjects: 3.629500 ms  DeleteObjects: 0.199400 ms)

========================================================================
Received Prepare
Registering precompiled user dll's ...
Registered in 0.003896 seconds.
Begin MonoManager ReloadAssembly
Native extension for WindowsStandalone target not found
Refreshing native plugins compatible for Editor in 0.88 ms, found 1 plugins.
Preloading 0 native plugins for Editor in 0.00 ms.
Invoked RoslynAnalysisRunner static constructor.
RoslynAnalysisRunner will not be running.
RoslynAnalysisRunner has terminated.
Mono: successfully reloaded assembly
- Completed reload, in  1.545 seconds
Platform modules already initialized, skipping
Shader 'Universal Render Pipeline/Particles/Lit': fallback shader 'Universal Render Pipeline/Particles/SimpleLit' not found
Refreshing native plugins compatible for Editor in 0.94 ms, found 1 plugins.
Preloading 0 native plugins for Editor in 0.00 ms.
Unloading 2981 Unused Serialized files (Serialized files now loaded: 0)
System memory in use before: 137.2 MB.
System memory in use after: 137.3 MB.

Unloading 14 unused Assets to reduce memory usage. Loaded Objects now: 3731.
Total: 3.847100 ms (FindLiveObjects: 0.385300 ms CreateObjectMapping: 0.176800 ms MarkObjects: 3.090000 ms  DeleteObjects: 0.192900 ms)

========================================================================
Received Prepare
Registering precompiled user dll's ...
Registered in 0.003759 seconds.
Begin MonoManager ReloadAssembly
Native extension for WindowsStandalone target not found
Refreshing native plugins compatible for Editor in 0.90 ms, found 1 plugins.
Preloading 0 native plugins for Editor in 0.00 ms.
Invoked RoslynAnalysisRunner static constructor.
RoslynAnalysisRunner will not be running.
RoslynAnalysisRunner has terminated.
Mono: successfully reloaded assembly
- Completed reload, in  1.521 seconds
Platform modules already initialized, skipping
Shader 'Universal Render Pipeline/Particles/Lit': fallback shader 'Universal Render Pipeline/Particles/SimpleLit' not found
Refreshing native plugins compatible for Editor in 0.88 ms, found 1 plugins.
Preloading 0 native plugins for Editor in 0.00 ms.
Unloading 2981 Unused Serialized files (Serialized files now loaded: 0)
System memory in use before: 137.2 MB.
System memory in use after: 137.3 MB.

Unloading 14 unused Assets to reduce memory usage. Loaded Objects now: 3735.
Total: 3.610900 ms (FindLiveObjects: 0.327800 ms CreateObjectMapping: 0.135700 ms MarkObjects: 2.955400 ms  DeleteObjects: 0.190200 ms)

========================================================================
Received Prepare
Registering precompiled user dll's ...
Registered in 0.003546 seconds.
Begin MonoManager ReloadAssembly
Native extension for WindowsStandalone target not found
Refreshing native plugins compatible for Editor in 0.95 ms, found 1 plugins.
Preloading 0 native plugins for Editor in 0.00 ms.
Invoked RoslynAnalysisRunner static constructor.
RoslynAnalysisRunner will not be running.
RoslynAnalysisRunner has terminated.
Mono: successfully reloaded assembly
- Completed reload, in  1.696 seconds
Platform modules already initialized, skipping
Shader 'Universal Render Pipeline/Particles/Lit': fallback shader 'Universal Render Pipeline/Particles/SimpleLit' not found
Refreshing native plugins compatible for Editor in 0.93 ms, found 1 plugins.
Preloading 0 native plugins for Editor in 0.00 ms.
Unloading 2981 Unused Serialized files (Serialized files now loaded: 0)
System memory in use before: 137.2 MB.
System memory in use after: 137.3 MB.

Unloading 14 unused Assets to reduce memory usage. Loaded Objects now: 3739.
Total: 3.764400 ms (FindLiveObjects: 0.344700 ms CreateObjectMapping: 0.142000 ms MarkObjects: 3.082200 ms  DeleteObjects: 0.193600 ms)

========================================================================
Received Prepare
Registering precompiled user dll's ...
Registered in 0.003287 seconds.
Begin MonoManager ReloadAssembly
Native extension for WindowsStandalone target not found
Refreshing native plugins compatible for Editor in 0.89 ms, found 1 plugins.
Preloading 0 native plugins for Editor in 0.00 ms.
Invoked RoslynAnalysisRunner static constructor.
RoslynAnalysisRunner will not be running.
RoslynAnalysisRunner has terminated.
Mono: successfully reloaded assembly
- Completed reload, in  1.489 seconds
Platform modules already initialized, skipping
Shader 'Universal Render Pipeline/Particles/Lit': fallback shader 'Universal Render Pipeline/Particles/SimpleLit' not found
Refreshing native plugins compatible for Editor in 0.90 ms, found 1 plugins.
Preloading 0 native plugins for Editor in 0.00 ms.
Unloading 2981 Unused Serialized files (Serialized files now loaded: 0)
System memory in use before: 137.2 MB.
System memory in use after: 137.3 MB.

Unloading 14 unused Assets to reduce memory usage. Loaded Objects now: 3743.
Total: 3.594900 ms (FindLiveObjects: 0.372800 ms CreateObjectMapping: 0.136500 ms MarkObjects: 2.889600 ms  DeleteObjects: 0.193500 ms)

========================================================================
Received Prepare
Registering precompiled user dll's ...
Registered in 0.003170 seconds.
Begin MonoManager ReloadAssembly
Native extension for WindowsStandalone target not found
Refreshing native plugins compatible for Editor in 0.91 ms, found 1 plugins.
Preloading 0 native plugins for Editor in 0.00 ms.
Invoked RoslynAnalysisRunner static constructor.
RoslynAnalysisRunner will not be running.
RoslynAnalysisRunner has terminated.
Mono: successfully reloaded assembly
- Completed reload, in  1.672 seconds
Platform modules already initialized, skipping
Shader 'Universal Render Pipeline/Particles/Lit': fallback shader 'Universal Render Pipeline/Particles/SimpleLit' not found
Refreshing native plugins compatible for Editor in 0.88 ms, found 1 plugins.
Preloading 0 native plugins for Editor in 0.00 ms.
Unloading 2981 Unused Serialized files (Serialized files now loaded: 0)
System memory in use before: 137.2 MB.
System memory in use after: 137.3 MB.

Unloading 14 unused Assets to reduce memory usage. Loaded Objects now: 3747.
Total: 5.257700 ms (FindLiveObjects: 0.342900 ms CreateObjectMapping: 0.161400 ms MarkObjects: 4.558300 ms  DeleteObjects: 0.193100 ms)

========================================================================
Received Prepare
Registering precompiled user dll's ...
Registered in 0.004595 seconds.
Begin MonoManager ReloadAssembly
Native extension for WindowsStandalone target not found
Refreshing native plugins compatible for Editor in 0.89 ms, found 1 plugins.
Preloading 0 native plugins for Editor in 0.00 ms.
Invoked RoslynAnalysisRunner static constructor.
RoslynAnalysisRunner will not be running.
RoslynAnalysisRunner has terminated.
Mono: successfully reloaded assembly
- Completed reload, in  1.460 seconds
Platform modules already initialized, skipping
Shader 'Universal Render Pipeline/Particles/Lit': fallback shader 'Universal Render Pipeline/Particles/SimpleLit' not found
Refreshing native plugins compatible for Editor in 0.89 ms, found 1 plugins.
Preloading 0 native plugins for Editor in 0.00 ms.
Unloading 2981 Unused Serialized files (Serialized files now loaded: 0)
System memory in use before: 137.2 MB.
System memory in use after: 137.3 MB.

Unloading 14 unused Assets to reduce memory usage. Loaded Objects now: 3751.
Total: 3.571400 ms (FindLiveObjects: 0.341600 ms CreateObjectMapping: 0.134600 ms MarkObjects: 2.901400 ms  DeleteObjects: 0.191900 ms)

========================================================================
Received Prepare
Registering precompiled user dll's ...
Registered in 0.004827 seconds.
Begin MonoManager ReloadAssembly
Native extension for WindowsStandalone target not found
Refreshing native plugins compatible for Editor in 0.93 ms, found 1 plugins.
Preloading 0 native plugins for Editor in 0.00 ms.
Invoked RoslynAnalysisRunner static constructor.
RoslynAnalysisRunner will not be running.
RoslynAnalysisRunner has terminated.
Mono: successfully reloaded assembly
- Completed reload, in  1.714 seconds
Platform modules already initialized, skipping
Shader 'Universal Render Pipeline/Particles/Lit': fallback shader 'Universal Render Pipeline/Particles/SimpleLit' not found
Refreshing native plugins compatible for Editor in 0.87 ms, found 1 plugins.
Preloading 0 native plugins for Editor in 0.00 ms.
Unloading 2981 Unused Serialized files (Serialized files now loaded: 0)
System memory in use before: 137.2 MB.
System memory in use after: 137.3 MB.

Unloading 14 unused Assets to reduce memory usage. Loaded Objects now: 3755.
Total: 3.654000 ms (FindLiveObjects: 0.335100 ms CreateObjectMapping: 0.137100 ms MarkObjects: 2.989200 ms  DeleteObjects: 0.190700 ms)

========================================================================
Received Prepare
Registering precompiled user dll's ...
Registered in 0.012316 seconds.
Begin MonoManager ReloadAssembly
Native extension for WindowsStandalone target not found
Refreshing native plugins compatible for Editor in 1.07 ms, found 1 plugins.
Preloading 0 native plugins for Editor in 0.00 ms.
Invoked RoslynAnalysisRunner static constructor.
RoslynAnalysisRunner will not be running.
RoslynAnalysisRunner has terminated.
Mono: successfully reloaded assembly
- Completed reload, in  1.528 seconds
Platform modules already initialized, skipping
Shader 'Universal Render Pipeline/Particles/Lit': fallback shader 'Universal Render Pipeline/Particles/SimpleLit' not found
Refreshing native plugins compatible for Editor in 1.31 ms, found 1 plugins.
Preloading 0 native plugins for Editor in 0.00 ms.
Unloading 2981 Unused Serialized files (Serialized files now loaded: 0)
System memory in use before: 137.2 MB.
System memory in use after: 137.3 MB.

Unloading 14 unused Assets to reduce memory usage. Loaded Objects now: 3759.
Total: 24.942700 ms (FindLiveObjects: 2.316300 ms CreateObjectMapping: 0.605000 ms MarkObjects: 17.991400 ms  DeleteObjects: 4.026600 ms)

========================================================================
Received Prepare
Registering precompiled user dll's ...
Registered in 0.004615 seconds.
Begin MonoManager ReloadAssembly
Native extension for WindowsStandalone target not found
Refreshing native plugins compatible for Editor in 0.91 ms, found 1 plugins.
Preloading 0 native plugins for Editor in 0.00 ms.
Invoked RoslynAnalysisRunner static constructor.
RoslynAnalysisRunner will not be running.
RoslynAnalysisRunner has terminated.
Mono: successfully reloaded assembly
- Completed reload, in  1.693 seconds
Platform modules already initialized, skipping
Shader 'Universal Render Pipeline/Particles/Lit': fallback shader 'Universal Render Pipeline/Particles/SimpleLit' not found
Refreshing native plugins compatible for Editor in 1.15 ms, found 1 plugins.
Preloading 0 native plugins for Editor in 0.00 ms.
Unloading 2981 Unused Serialized files (Serialized files now loaded: 0)
System memory in use before: 137.2 MB.
System memory in use after: 137.3 MB.

Unloading 14 unused Assets to reduce memory usage. Loaded Objects now: 3763.
Total: 3.519000 ms (FindLiveObjects: 0.354500 ms CreateObjectMapping: 0.153900 ms MarkObjects: 2.816900 ms  DeleteObjects: 0.191600 ms)

========================================================================
Received Prepare
Registering precompiled user dll's ...
Registered in 0.003865 seconds.
Begin MonoManager ReloadAssembly
Native extension for WindowsStandalone target not found
Refreshing native plugins compatible for Editor in 1.03 ms, found 1 plugins.
Preloading 0 native plugins for Editor in 0.00 ms.
Invoked RoslynAnalysisRunner static constructor.
RoslynAnalysisRunner will not be running.
RoslynAnalysisRunner has terminated.
Mono: successfully reloaded assembly
- Completed reload, in  1.605 seconds
Platform modules already initialized, skipping
Shader 'Universal Render Pipeline/Particles/Lit': fallback shader 'Universal Render Pipeline/Particles/SimpleLit' not found
Refreshing native plugins compatible for Editor in 0.87 ms, found 1 plugins.
Preloading 0 native plugins for Editor in 0.00 ms.
Unloading 2981 Unused Serialized files (Serialized files now loaded: 0)
System memory in use before: 137.2 MB.
System memory in use after: 137.4 MB.

Unloading 14 unused Assets to reduce memory usage. Loaded Objects now: 3767.
Total: 3.545400 ms (FindLiveObjects: 0.343700 ms CreateObjectMapping: 0.134800 ms MarkObjects: 2.874700 ms  DeleteObjects: 0.190200 ms)

========================================================================
Received Prepare
Registering precompiled user dll's ...
Registered in 0.003313 seconds.
Begin MonoManager ReloadAssembly
Native extension for WindowsStandalone target not found
Refreshing native plugins compatible for Editor in 0.91 ms, found 1 plugins.
Preloading 0 native plugins for Editor in 0.00 ms.
Invoked RoslynAnalysisRunner static constructor.
RoslynAnalysisRunner will not be running.
RoslynAnalysisRunner has terminated.
Mono: successfully reloaded assembly
- Completed reload, in  1.865 seconds
Platform modules already initialized, skipping
Shader 'Universal Render Pipeline/Particles/Lit': fallback shader 'Universal Render Pipeline/Particles/SimpleLit' not found
Refreshing native plugins compatible for Editor in 0.94 ms, found 1 plugins.
Preloading 0 native plugins for Editor in 0.00 ms.
Unloading 2981 Unused Serialized files (Serialized files now loaded: 0)
System memory in use before: 137.3 MB.
System memory in use after: 137.4 MB.

Unloading 14 unused Assets to reduce memory usage. Loaded Objects now: 3771.
Total: 3.747800 ms (FindLiveObjects: 0.446800 ms CreateObjectMapping: 0.135600 ms MarkObjects: 2.893700 ms  DeleteObjects: 0.269500 ms)

========================================================================
Received Prepare
Registering precompiled user dll's ...
Registered in 0.004019 seconds.
Begin MonoManager ReloadAssembly
Native extension for WindowsStandalone target not found
Refreshing native plugins compatible for Editor in 0.98 ms, found 1 plugins.
Preloading 0 native plugins for Editor in 0.00 ms.
Invoked RoslynAnalysisRunner static constructor.
RoslynAnalysisRunner will not be running.
RoslynAnalysisRunner has terminated.
Mono: successfully reloaded assembly
- Completed reload, in  1.966 seconds
Platform modules already initialized, skipping
Shader 'Universal Render Pipeline/Particles/Lit': fallback shader 'Universal Render Pipeline/Particles/SimpleLit' not found
Refreshing native plugins compatible for Editor in 1.04 ms, found 1 plugins.
Preloading 0 native plugins for Editor in 0.00 ms.
Unloading 2981 Unused Serialized files (Serialized files now loaded: 0)
System memory in use before: 137.3 MB.
System memory in use after: 137.4 MB.

Unloading 14 unused Assets to reduce memory usage. Loaded Objects now: 3775.
Total: 4.125000 ms (FindLiveObjects: 0.401700 ms CreateObjectMapping: 0.136700 ms MarkObjects: 3.027500 ms  DeleteObjects: 0.556500 ms)

========================================================================
Received Prepare
Registering precompiled user dll's ...
Registered in 0.004056 seconds.
Begin MonoManager ReloadAssembly
Native extension for WindowsStandalone target not found
Refreshing native plugins compatible for Editor in 0.89 ms, found 1 plugins.
Preloading 0 native plugins for Editor in 0.00 ms.
Invoked RoslynAnalysisRunner static constructor.
RoslynAnalysisRunner will not be running.
RoslynAnalysisRunner has terminated.
Mono: successfully reloaded assembly
- Completed reload, in  1.516 seconds
Platform modules already initialized, skipping
Shader 'Universal Render Pipeline/Particles/Lit': fallback shader 'Universal Render Pipeline/Particles/SimpleLit' not found
Refreshing native plugins compatible for Editor in 1.64 ms, found 1 plugins.
Preloading 0 native plugins for Editor in 0.00 ms.
Unloading 2981 Unused Serialized files (Serialized files now loaded: 0)
System memory in use before: 137.3 MB.
System memory in use after: 137.4 MB.

Unloading 14 unused Assets to reduce memory usage. Loaded Objects now: 3779.
Total: 3.723100 ms (FindLiveObjects: 0.375600 ms CreateObjectMapping: 0.144800 ms MarkObjects: 3.003800 ms  DeleteObjects: 0.196700 ms)

========================================================================
Received Prepare
Registering precompiled user dll's ...
Registered in 0.003381 seconds.
Begin MonoManager ReloadAssembly
Native extension for WindowsStandalone target not found
Refreshing native plugins compatible for Editor in 0.91 ms, found 1 plugins.
Preloading 0 native plugins for Editor in 0.00 ms.
Invoked RoslynAnalysisRunner static constructor.
RoslynAnalysisRunner will not be running.
RoslynAnalysisRunner has terminated.
Mono: successfully reloaded assembly
- Completed reload, in  1.741 seconds
Platform modules already initialized, skipping
Shader 'Universal Render Pipeline/Particles/Lit': fallback shader 'Universal Render Pipeline/Particles/SimpleLit' not found
Refreshing native plugins compatible for Editor in 0.91 ms, found 1 plugins.
Preloading 0 native plugins for Editor in 0.00 ms.
Unloading 2981 Unused Serialized files (Serialized files now loaded: 0)
System memory in use before: 137.3 MB.
System memory in use after: 137.4 MB.

Unloading 14 unused Assets to reduce memory usage. Loaded Objects now: 3783.
Total: 5.094600 ms (FindLiveObjects: 0.861800 ms CreateObjectMapping: 0.358100 ms MarkObjects: 3.667000 ms  DeleteObjects: 0.205200 ms)

========================================================================
Received Prepare
Registering precompiled user dll's ...
Registered in 0.005013 seconds.
Begin MonoManager ReloadAssembly
Native extension for WindowsStandalone target not found
Refreshing native plugins compatible for Editor in 1.60 ms, found 1 plugins.
Preloading 0 native plugins for Editor in 0.00 ms.
Invoked RoslynAnalysisRunner static constructor.
RoslynAnalysisRunner will not be running.
RoslynAnalysisRunner has terminated.
Mono: successfully reloaded assembly
- Completed reload, in  2.587 seconds
Platform modules already initialized, skipping
Shader 'Universal Render Pipeline/Particles/Lit': fallback shader 'Universal Render Pipeline/Particles/SimpleLit' not found
Refreshing native plugins compatible for Editor in 1.58 ms, found 1 plugins.
Preloading 0 native plugins for Editor in 0.00 ms.
Unloading 2981 Unused Serialized files (Serialized files now loaded: 0)
System memory in use before: 137.3 MB.
System memory in use after: 137.4 MB.

Unloading 14 unused Assets to reduce memory usage. Loaded Objects now: 3787.
Total: 6.414800 ms (FindLiveObjects: 0.648900 ms CreateObjectMapping: 0.367600 ms MarkObjects: 4.760900 ms  DeleteObjects: 0.633000 ms)

AssetImportWorkerClient::OnTransportError - code=2 error=End of file
